# JRE version: OpenJDK Runtime Environment Microsoft-13877171 (21.0.11+10) (build 21.0.11+10-LTS)
# Java VM: OpenJDK 64-Bit Server VM Microsoft-13877171 (21.0.11+10-LTS, mixed mode, sharing, tiered, compressed oops, compressed class ptrs, g1 gc, windows-amd64)
GC Precious Log:
 CardTable entry size: 512
 Card Set container configuration: InlinePtr #cards 5 size 8 Array Of Cards #cards 12 size 40 Howl #buckets 4 coarsen threshold 1843 Howl Bitmap #cards 512 size 80 coarsen threshold 460 Card regions per heap region 1 cards per card region 2048
 CPUs: 12 total, 12 available
 Memory: 16068M
 Large Page Support: Disabled
 NUMA Support: Disabled
 Compressed Oops: Enabled (32-bit)
 Heap Region Size: 1M
 Heap Min Capacity: 64M
 Heap Initial Capacity: 64M
 Heap Max Capacity: 64M
 Pre-touch: Disabled
 Parallel Workers: 10
 Concurrent Workers: 3
 Concurrent Refinement Workers: 10
 Periodic GC: Disabled
Heap:
 garbage-first heap   total 65536K, used 64731K [0x00000000fc000000, 0x0000000100000000)
  region size 1024K, 0 young (0K), 0 survivors (0K)
 Metaspace       used 58606K, committed 59584K, reserved 131072K
  class space    used 8522K, committed 8960K, reserved 65536K
GC Heap History (20 events):
Event: 71.852 GC heap after
{Heap after GC invocations=160 (full 26):
 garbage-first heap   total 65536K, used 62444K [0x00000000fc000000, 0x0000000100000000)
  region size 1024K, 0 young (0K), 0 survivors (0K)
 Metaspace       used 58189K, committed 59200K, reserved 131072K
  class space    used 8467K, committed 8960K, reserved 65536K
}
Event: 72.062 GC heap before
{Heap before GC invocations=160 (full 26):
 garbage-first heap   total 65536K, used 64492K [0x00000000fc000000, 0x0000000100000000)
  region size 1024K, 2 young (2048K), 0 survivors (0K)
 Metaspace       used 58189K, committed 59200K, reserved 131072K
  class space    used 8467K, committed 8960K, reserved 65536K
}
Event: 72.065 GC heap after
{Heap after GC invocations=161 (full 26):
 garbage-first heap   total 65536K, used 64492K [0x00000000fc000000, 0x0000000100000000)
  region size 1024K, 0 young (0K), 0 survivors (0K)
 Metaspace       used 58189K, committed 59200K, reserved 131072K
  class space    used 8467K, committed 8960K, reserved 65536K
}
Event: 72.065 GC heap before
{Heap before GC invocations=161 (full 26):
 garbage-first heap   total 65536K, used 64492K [0x00000000fc000000, 0x0000000100000000)
  region size 1024K, 0 young (0K), 0 survivors (0K)
 Metaspace       used 58189K, committed 59200K, reserved 131072K
  class space    used 8467K, committed 8960K, reserved 65536K
}
Event: 72.155 GC heap after
{Heap after GC invocations=162 (full 27):
 garbage-first heap   total 65536K, used 62509K [0x00000000fc000000, 0x0000000100000000)
  region size 1024K, 0 young (0K), 0 survivors (0K)
 Metaspace       used 58189K, committed 59200K, reserved 131072K
  class space    used 8467K, committed 8960K, reserved 65536K
}
Event: 72.429 GC heap before
{Heap before GC invocations=162 (full 27):
 garbage-first heap   total 65536K, used 64557K [0x00000000fc000000, 0x0000000100000000)
  region size 1024K, 2 young (2048K), 0 survivors (0K)
 Metaspace       used 58192K, committed 59200K, reserved 131072K
  class space    used 8467K, committed 8960K, reserved 65536K
}
Event: 72.431 GC heap after
{Heap after GC invocations=163 (full 27):
 garbage-first heap   total 65536K, used 64557K [0x00000000fc000000, 0x0000000100000000)
  region size 1024K, 0 young (0K), 0 survivors (0K)
 Metaspace       used 58192K, committed 59200K, reserved 131072K
  class space    used 8467K, committed 8960K, reserved 65536K
}
Event: 72.431 GC heap before
{Heap before GC invocations=163 (full 27):
 garbage-first heap   total 65536K, used 64557K [0x00000000fc000000, 0x0000000100000000)
  region size 1024K, 0 young (0K), 0 survivors (0K)
 Metaspace       used 58192K, committed 59200K, reserved 131072K
  class space    used 8467K, committed 8960K, reserved 65536K
}
Event: 72.610 GC heap after
{Heap after GC invocations=164 (full 28):
 garbage-first heap   total 65536K, used 62443K [0x00000000fc000000, 0x0000000100000000)
  region size 1024K, 0 young (0K), 0 survivors (0K)
 Metaspace       used 58192K, committed 59200K, reserved 131072K
  class space    used 8467K, committed 8960K, reserved 65536K
}
Event: 72.943 GC heap before
{Heap before GC invocations=164 (full 28):
 garbage-first heap   total 65536K, used 64491K [0x00000000fc000000, 0x0000000100000000)
  region size 1024K, 2 young (2048K), 0 survivors (0K)
 Metaspace       used 58231K, committed 59200K, reserved 131072K
  class space    used 8470K, committed 8960K, reserved 65536K
}
Event: 72.946 GC heap after
{Heap after GC invocations=165 (full 28):
 garbage-first heap   total 65536K, used 64491K [0x00000000fc000000, 0x0000000100000000)
  region size 1024K, 0 young (0K), 0 survivors (0K)
 Metaspace       used 58231K, committed 59200K, reserved 131072K
  class space    used 8470K, committed 8960K, reserved 65536K
}
Event: 72.946 GC heap before
{Heap before GC invocations=165 (full 28):
 garbage-first heap   total 65536K, used 64491K [0x00000000fc000000, 0x0000000100000000)
  region size 1024K, 0 young (0K), 0 survivors (0K)
 Metaspace       used 58231K, committed 59200K, reserved 131072K
  class space    used 8470K, committed 8960K, reserved 65536K
}
Event: 73.128 GC heap after
{Heap after GC invocations=166 (full 29):
 garbage-first heap   total 65536K, used 62890K [0x00000000fc000000, 0x0000000100000000)
  region size 1024K, 0 young (0K), 0 survivors (0K)
 Metaspace       used 58231K, committed 59200K, reserved 131072K
  class space    used 8470K, committed 8960K, reserved 65536K
}
Event: 73.805 GC heap before
{Heap before GC invocations=166 (full 29):
 garbage-first heap   total 65536K, used 64938K [0x00000000fc000000, 0x0000000100000000)
  region size 1024K, 2 young (2048K), 0 survivors (0K)
 Metaspace       used 58395K, committed 59392K, reserved 131072K
  class space    used 8497K, committed 8960K, reserved 65536K
}
Event: 73.809 GC heap after
{Heap after GC invocations=167 (full 29):
 garbage-first heap   total 65536K, used 64938K [0x00000000fc000000, 0x0000000100000000)
  region size 1024K, 0 young (0K), 0 survivors (0K)
 Metaspace       used 58395K, committed 59392K, reserved 131072K
  class space    used 8497K, committed 8960K, reserved 65536K
}
Event: 73.809 GC heap before
{Heap before GC invocations=167 (full 29):
 garbage-first heap   total 65536K, used 64938K [0x00000000fc000000, 0x0000000100000000)
  region size 1024K, 0 young (0K), 0 survivors (0K)
 Metaspace       used 58395K, committed 59392K, reserved 131072K
  class space    used 8497K, committed 8960K, reserved 65536K
}
Event: 73.966 GC heap after
{Heap after GC invocations=168 (full 30):
 garbage-first heap   total 65536K, used 62683K [0x00000000fc000000, 0x0000000100000000)
  region size 1024K, 0 young (0K), 0 survivors (0K)
 Metaspace       used 58385K, committed 59392K, reserved 131072K
  class space    used 8495K, committed 8960K, reserved 65536K
}
Event: 74.580 GC heap before
{Heap before GC invocations=168 (full 30):
 garbage-first heap   total 65536K, used 64731K [0x00000000fc000000, 0x0000000100000000)
  region size 1024K, 2 young (2048K), 0 survivors (0K)
 Metaspace       used 58606K, committed 59584K, reserved 131072K
  class space    used 8522K, committed 8960K, reserved 65536K
}
Event: 74.583 GC heap after
{Heap after GC invocations=169 (full 30):
 garbage-first heap   total 65536K, used 64731K [0x00000000fc000000, 0x0000000100000000)
  region size 1024K, 0 young (0K), 0 survivors (0K)
 Metaspace       used 58606K, committed 59584K, reserved 131072K
  class space    used 8522K, committed 8960K, reserved 65536K
}
Event: 74.583 GC heap before
{Heap before GC invocations=169 (full 30):
 garbage-first heap   total 65536K, used 64731K [0x00000000fc000000, 0x0000000100000000)
  region size 1024K, 0 young (0K), 0 survivors (0K)
 Metaspace       used 58606K, committed 59584K, reserved 131072K
  class space    used 8522K, committed 8960K, reserved 65536K
}

