# JRE version: OpenJDK Runtime Environment Microsoft-11933218 (21.0.8+9) (build 21.0.8+9-LTS)
# Java VM: OpenJDK 64-Bit Server VM Microsoft-11933218 (21.0.8+9-LTS, mixed mode, sharing, tiered, compressed oops, compressed class ptrs, g1 gc, windows-amd64)
GC Precious Log:
 CardTable entry size: 512
 Card Set container configuration: InlinePtr #cards 5 size 8 Array Of Cards #cards 12 size 40 Howl #buckets 4 coarsen threshold 1843 Howl Bitmap #cards 512 size 80 coarsen threshold 460 Card regions per heap region 1 cards per card region 2048
 CPUs: 12 total, 12 available
 Memory: 16068M
 Large Page Support: Disabled
 NUMA Support: Disabled
 Compressed Oops: Enabled (32-bit)
 Heap Region Size: 1M
 Heap Min Capacity: 256M
 Heap Initial Capacity: 256M
 Heap Max Capacity: 512M
 Pre-touch: Disabled
 Parallel Workers: 10
 Concurrent Workers: 3
 Concurrent Refinement Workers: 10
 Periodic GC: Disabled
Heap:
 garbage-first heap   total 262144K, used 114115K [0x00000000e0000000, 0x0000000100000000)
  region size 1024K, 71 young (72704K), 11 survivors (11264K)
 Metaspace       used 69337K, committed 71360K, reserved 393216K
  class space    used 10091K, committed 11072K, reserved 327680K
GC Heap History (20 events):
Event: 19.839 GC heap before
{Heap before GC invocations=0 (full 0):
 garbage-first heap   total 262144K, used 26624K [0x00000000e0000000, 0x0000000100000000)
  region size 1024K, 23 young (23552K), 0 survivors (0K)
 Metaspace       used 2468K, committed 2688K, reserved 393216K
  class space    used 283K, committed 384K, reserved 327680K
}
Event: 19.846 GC heap after
{Heap after GC invocations=1 (full 0):
 garbage-first heap   total 262144K, used 10533K [0x00000000e0000000, 0x0000000100000000)
  region size 1024K, 3 young (3072K), 3 survivors (3072K)
 Metaspace       used 2468K, committed 2688K, reserved 393216K
  class space    used 283K, committed 384K, reserved 327680K
}
Event: 24.602 GC heap before
{Heap before GC invocations=1 (full 0):
 garbage-first heap   total 262144K, used 38181K [0x00000000e0000000, 0x0000000100000000)
  region size 1024K, 31 young (31744K), 3 survivors (3072K)
 Metaspace       used 4190K, committed 4416K, reserved 393216K
  class space    used 524K, committed 640K, reserved 327680K
}
Event: 24.608 GC heap after
{Heap after GC invocations=2 (full 0):
 garbage-first heap   total 262144K, used 11832K [0x00000000e0000000, 0x0000000100000000)
  region size 1024K, 2 young (2048K), 2 survivors (2048K)
 Metaspace       used 4190K, committed 4416K, reserved 393216K
  class space    used 524K, committed 640K, reserved 327680K
}
Event: 36.348 GC heap before
{Heap before GC invocations=2 (full 0):
 garbage-first heap   total 262144K, used 123448K [0x00000000e0000000, 0x0000000100000000)
  region size 1024K, 109 young (111616K), 2 survivors (2048K)
 Metaspace       used 20050K, committed 20672K, reserved 393216K
  class space    used 2921K, committed 3200K, reserved 327680K
}
Event: 36.361 GC heap after
{Heap after GC invocations=3 (full 0):
 garbage-first heap   total 262144K, used 23833K [0x00000000e0000000, 0x0000000100000000)
  region size 1024K, 12 young (12288K), 12 survivors (12288K)
 Metaspace       used 20050K, committed 20672K, reserved 393216K
  class space    used 2921K, committed 3200K, reserved 327680K
}
Event: 36.466 GC heap before
{Heap before GC invocations=3 (full 0):
 garbage-first heap   total 262144K, used 31001K [0x00000000e0000000, 0x0000000100000000)
  region size 1024K, 20 young (20480K), 12 survivors (12288K)
 Metaspace       used 20891K, committed 21504K, reserved 393216K
  class space    used 3057K, committed 3328K, reserved 327680K
}
Event: 36.472 GC heap after
{Heap after GC invocations=4 (full 0):
 garbage-first heap   total 262144K, used 24732K [0x00000000e0000000, 0x0000000100000000)
  region size 1024K, 12 young (12288K), 12 survivors (12288K)
 Metaspace       used 20891K, committed 21504K, reserved 393216K
  class space    used 3057K, committed 3328K, reserved 327680K
}
Event: 38.156 GC heap before
{Heap before GC invocations=5 (full 0):
 garbage-first heap   total 262144K, used 114844K [0x00000000e0000000, 0x0000000100000000)
  region size 1024K, 102 young (104448K), 12 survivors (12288K)
 Metaspace       used 34938K, committed 36096K, reserved 393216K
  class space    used 5112K, committed 5696K, reserved 327680K
}
Event: 38.168 GC heap after
{Heap after GC invocations=6 (full 0):
 garbage-first heap   total 262144K, used 30564K [0x00000000e0000000, 0x0000000100000000)
  region size 1024K, 7 young (7168K), 7 survivors (7168K)
 Metaspace       used 34938K, committed 36096K, reserved 393216K
  class space    used 5112K, committed 5696K, reserved 327680K
}
Event: 38.196 GC heap before
{Heap before GC invocations=6 (full 0):
 garbage-first heap   total 262144K, used 32612K [0x00000000e0000000, 0x0000000100000000)
  region size 1024K, 10 young (10240K), 7 survivors (7168K)
 Metaspace       used 35203K, committed 36416K, reserved 393216K
  class space    used 5141K, committed 5760K, reserved 327680K
}
Event: 38.205 GC heap after
{Heap after GC invocations=7 (full 0):
 garbage-first heap   total 262144K, used 32292K [0x00000000e0000000, 0x0000000100000000)
  region size 1024K, 9 young (9216K), 9 survivors (9216K)
 Metaspace       used 35203K, committed 36416K, reserved 393216K
  class space    used 5141K, committed 5760K, reserved 327680K
}
Event: 38.361 GC heap before
{Heap before GC invocations=7 (full 0):
 garbage-first heap   total 262144K, used 54820K [0x00000000e0000000, 0x0000000100000000)
  region size 1024K, 32 young (32768K), 9 survivors (9216K)
 Metaspace       used 35583K, committed 36736K, reserved 393216K
  class space    used 5169K, committed 5760K, reserved 327680K
}
Event: 38.368 GC heap after
{Heap after GC invocations=8 (full 0):
 garbage-first heap   total 262144K, used 32619K [0x00000000e0000000, 0x0000000100000000)
  region size 1024K, 9 young (9216K), 9 survivors (9216K)
 Metaspace       used 35583K, committed 36736K, reserved 393216K
  class space    used 5169K, committed 5760K, reserved 327680K
}
Event: 44.162 GC heap before
{Heap before GC invocations=9 (full 0):
 garbage-first heap   total 262144K, used 186219K [0x00000000e0000000, 0x0000000100000000)
  region size 1024K, 153 young (156672K), 9 survivors (9216K)
 Metaspace       used 48726K, committed 50368K, reserved 393216K
  class space    used 6935K, committed 7744K, reserved 327680K
}
Event: 44.189 GC heap after
{Heap after GC invocations=10 (full 0):
 garbage-first heap   total 262144K, used 42622K [0x00000000e0000000, 0x0000000100000000)
  region size 1024K, 19 young (19456K), 19 survivors (19456K)
 Metaspace       used 48726K, committed 50368K, reserved 393216K
  class space    used 6935K, committed 7744K, reserved 327680K
}
Event: 46.901 GC heap before
{Heap before GC invocations=10 (full 0):
 garbage-first heap   total 262144K, used 178814K [0x00000000e0000000, 0x0000000100000000)
  region size 1024K, 153 young (156672K), 19 survivors (19456K)
 Metaspace       used 58960K, committed 60928K, reserved 393216K
  class space    used 8709K, committed 9664K, reserved 327680K
}
Event: 46.924 GC heap after
{Heap after GC invocations=11 (full 0):
 garbage-first heap   total 262144K, used 54338K [0x00000000e0000000, 0x0000000100000000)
  region size 1024K, 20 young (20480K), 20 survivors (20480K)
 Metaspace       used 58960K, committed 60928K, reserved 393216K
  class space    used 8709K, committed 9664K, reserved 327680K
}
Event: 46.961 GC heap before
{Heap before GC invocations=11 (full 0):
 garbage-first heap   total 262144K, used 56386K [0x00000000e0000000, 0x0000000100000000)
  region size 1024K, 23 young (23552K), 20 survivors (20480K)
 Metaspace       used 59338K, committed 61376K, reserved 393216K
  class space    used 8794K, committed 9792K, reserved 327680K
}
Event: 46.975 GC heap after
{Heap after GC invocations=12 (full 0):
 garbage-first heap   total 262144K, used 54723K [0x00000000e0000000, 0x0000000100000000)
  region size 1024K, 11 young (11264K), 11 survivors (11264K)
 Metaspace       used 59338K, committed 61376K, reserved 393216K
  class space    used 8794K, committed 9792K, reserved 327680K
}

