# JRE version: OpenJDK Runtime Environment Microsoft-13877171 (21.0.11+10) (build 21.0.11+10-LTS)
# Java VM: OpenJDK 64-Bit Server VM Microsoft-13877171 (21.0.11+10-LTS, mixed mode, sharing, tiered, compressed oops, compressed class ptrs, g1 gc, windows-amd64)
GC Precious Log:
 CardTable entry size: 512
 Card Set container configuration: InlinePtr #cards 5 size 8 Array Of Cards #cards 12 size 40 Howl #buckets 4 coarsen threshold 1843 Howl Bitmap #cards 512 size 80 coarsen threshold 460 Card regions per heap region 1 cards per card region 2048
 CPUs: 12 total, 12 available
 Memory: 16068M
 Large Page Support: Disabled
 NUMA Support: Disabled
 Compressed Oops: Enabled (32-bit)
 Heap Region Size: 1M
 Heap Min Capacity: 64M
 Heap Initial Capacity: 64M
 Heap Max Capacity: 64M
 Pre-touch: Disabled
 Parallel Workers: 10
 Concurrent Workers: 3
 Concurrent Refinement Workers: 10
 Periodic GC: Disabled
Heap:
 garbage-first heap   total 65536K, used 57988K [0x00000000fc000000, 0x0000000100000000)
  region size 1024K, 4 young (4096K), 1 survivors (1024K)
 Metaspace       used 59418K, committed 60864K, reserved 131072K
  class space    used 8731K, committed 9408K, reserved 65536K
GC Heap History (20 events):
Event: 43.830 GC heap before
{Heap before GC invocations=38 (full 1):
 garbage-first heap   total 65536K, used 59258K [0x00000000fc000000, 0x0000000100000000)
  region size 1024K, 6 young (6144K), 1 survivors (1024K)
 Metaspace       used 54702K, committed 56384K, reserved 131072K
  class space    used 7885K, committed 8640K, reserved 65536K
}
Event: 43.832 GC heap after
{Heap after GC invocations=39 (full 1):
 garbage-first heap   total 65536K, used 54882K [0x00000000fc000000, 0x0000000100000000)
  region size 1024K, 1 young (1024K), 1 survivors (1024K)
 Metaspace       used 54702K, committed 56384K, reserved 131072K
  class space    used 7885K, committed 8640K, reserved 65536K
}
Event: 43.975 GC heap before
{Heap before GC invocations=39 (full 1):
 garbage-first heap   total 65536K, used 60002K [0x00000000fc000000, 0x0000000100000000)
  region size 1024K, 6 young (6144K), 1 survivors (1024K)
 Metaspace       used 55074K, committed 56448K, reserved 131072K
  class space    used 7958K, committed 8640K, reserved 65536K
}
Event: 43.977 GC heap after
{Heap after GC invocations=40 (full 1):
 garbage-first heap   total 65536K, used 50162K [0x00000000fc000000, 0x0000000100000000)
  region size 1024K, 1 young (1024K), 1 survivors (1024K)
 Metaspace       used 55074K, committed 56448K, reserved 131072K
  class space    used 7958K, committed 8640K, reserved 65536K
}
Event: 44.193 GC heap before
{Heap before GC invocations=40 (full 1):
 garbage-first heap   total 65536K, used 60402K [0x00000000fc000000, 0x0000000100000000)
  region size 1024K, 11 young (11264K), 1 survivors (1024K)
 Metaspace       used 55806K, committed 57216K, reserved 131072K
  class space    used 8095K, committed 8768K, reserved 65536K
}
Event: 44.195 GC heap after
{Heap after GC invocations=41 (full 1):
 garbage-first heap   total 65536K, used 50990K [0x00000000fc000000, 0x0000000100000000)
  region size 1024K, 2 young (2048K), 2 survivors (2048K)
 Metaspace       used 55806K, committed 57216K, reserved 131072K
  class space    used 8095K, committed 8768K, reserved 65536K
}
Event: 44.485 GC heap before
{Heap before GC invocations=42 (full 1):
 garbage-first heap   total 65536K, used 60206K [0x00000000fc000000, 0x0000000100000000)
  region size 1024K, 11 young (11264K), 2 survivors (2048K)
 Metaspace       used 56717K, committed 58048K, reserved 131072K
  class space    used 8278K, committed 8896K, reserved 65536K
}
Event: 44.489 GC heap after
{Heap after GC invocations=43 (full 1):
 garbage-first heap   total 65536K, used 52004K [0x00000000fc000000, 0x0000000100000000)
  region size 1024K, 2 young (2048K), 2 survivors (2048K)
 Metaspace       used 56717K, committed 58048K, reserved 131072K
  class space    used 8278K, committed 8896K, reserved 65536K
}
Event: 44.750 GC heap before
{Heap before GC invocations=43 (full 1):
 garbage-first heap   total 65536K, used 59172K [0x00000000fc000000, 0x0000000100000000)
  region size 1024K, 10 young (10240K), 2 survivors (2048K)
 Metaspace       used 57765K, committed 59136K, reserved 131072K
  class space    used 8438K, committed 9088K, reserved 65536K
}
Event: 44.754 GC heap after
{Heap after GC invocations=44 (full 1):
 garbage-first heap   total 65536K, used 52075K [0x00000000fc000000, 0x0000000100000000)
  region size 1024K, 2 young (2048K), 2 survivors (2048K)
 Metaspace       used 57765K, committed 59136K, reserved 131072K
  class space    used 8438K, committed 9088K, reserved 65536K
}
Event: 45.653 GC heap before
{Heap before GC invocations=44 (full 1):
 garbage-first heap   total 65536K, used 60267K [0x00000000fc000000, 0x0000000100000000)
  region size 1024K, 10 young (10240K), 2 survivors (2048K)
 Metaspace       used 58606K, committed 59968K, reserved 131072K
  class space    used 8613K, committed 9280K, reserved 65536K
}
Event: 45.657 GC heap after
{Heap after GC invocations=45 (full 1):
 garbage-first heap   total 65536K, used 52769K [0x00000000fc000000, 0x0000000100000000)
  region size 1024K, 2 young (2048K), 2 survivors (2048K)
 Metaspace       used 58606K, committed 59968K, reserved 131072K
  class space    used 8613K, committed 9280K, reserved 65536K
}
Event: 45.936 GC heap before
{Heap before GC invocations=46 (full 1):
 garbage-first heap   total 65536K, used 58913K [0x00000000fc000000, 0x0000000100000000)
  region size 1024K, 9 young (9216K), 2 survivors (2048K)
 Metaspace       used 58895K, committed 60352K, reserved 131072K
  class space    used 8657K, committed 9344K, reserved 65536K
}
Event: 45.939 GC heap after
{Heap after GC invocations=47 (full 1):
 garbage-first heap   total 65536K, used 54008K [0x00000000fc000000, 0x0000000100000000)
  region size 1024K, 2 young (2048K), 2 survivors (2048K)
 Metaspace       used 58895K, committed 60352K, reserved 131072K
  class space    used 8657K, committed 9344K, reserved 65536K
}
Event: 46.232 GC heap before
{Heap before GC invocations=47 (full 1):
 garbage-first heap   total 65536K, used 60152K [0x00000000fc000000, 0x0000000100000000)
  region size 1024K, 8 young (8192K), 2 survivors (2048K)
 Metaspace       used 59070K, committed 60544K, reserved 131072K
  class space    used 8672K, committed 9344K, reserved 65536K
}
Event: 46.235 GC heap after
{Heap after GC invocations=48 (full 1):
 garbage-first heap   total 65536K, used 54738K [0x00000000fc000000, 0x0000000100000000)
  region size 1024K, 1 young (1024K), 1 survivors (1024K)
 Metaspace       used 59070K, committed 60544K, reserved 131072K
  class space    used 8672K, committed 9344K, reserved 65536K
}
Event: 46.320 GC heap before
{Heap before GC invocations=48 (full 1):
 garbage-first heap   total 65536K, used 59858K [0x00000000fc000000, 0x0000000100000000)
  region size 1024K, 6 young (6144K), 1 survivors (1024K)
 Metaspace       used 59292K, committed 60800K, reserved 131072K
  class space    used 8708K, committed 9408K, reserved 65536K
}
Event: 46.324 GC heap after
{Heap after GC invocations=49 (full 1):
 garbage-first heap   total 65536K, used 55507K [0x00000000fc000000, 0x0000000100000000)
  region size 1024K, 1 young (1024K), 1 survivors (1024K)
 Metaspace       used 59292K, committed 60800K, reserved 131072K
  class space    used 8708K, committed 9408K, reserved 65536K
}
Event: 46.430 GC heap before
{Heap before GC invocations=50 (full 1):
 garbage-first heap   total 65536K, used 59603K [0x00000000fc000000, 0x0000000100000000)
  region size 1024K, 5 young (5120K), 1 survivors (1024K)
 Metaspace       used 59321K, committed 60800K, reserved 131072K
  class space    used 8714K, committed 9408K, reserved 65536K
}
Event: 46.433 GC heap after
{Heap after GC invocations=51 (full 1):
 garbage-first heap   total 65536K, used 55940K [0x00000000fc000000, 0x0000000100000000)
  region size 1024K, 1 young (1024K), 1 survivors (1024K)
 Metaspace       used 59321K, committed 60800K, reserved 131072K
  class space    used 8714K, committed 9408K, reserved 65536K
}

