# JRE version: OpenJDK Runtime Environment Microsoft-13877171 (21.0.11+10) (build 21.0.11+10-LTS)
# Java VM: OpenJDK 64-Bit Server VM Microsoft-13877171 (21.0.11+10-LTS, mixed mode, sharing, tiered, compressed oops, compressed class ptrs, g1 gc, windows-amd64)
GC Precious Log:
 CardTable entry size: 512
 Card Set container configuration: InlinePtr #cards 5 size 8 Array Of Cards #cards 12 size 40 Howl #buckets 4 coarsen threshold 1843 Howl Bitmap #cards 512 size 80 coarsen threshold 460 Card regions per heap region 1 cards per card region 2048
 CPUs: 12 total, 12 available
 Memory: 16068M
 Large Page Support: Disabled
 NUMA Support: Disabled
 Compressed Oops: Enabled (32-bit)
 Heap Region Size: 1M
 Heap Min Capacity: 64M
 Heap Initial Capacity: 64M
 Heap Max Capacity: 64M
 Pre-touch: Disabled
 Parallel Workers: 10
 Concurrent Workers: 3
 Concurrent Refinement Workers: 10
 Periodic GC: Disabled
Heap:
 garbage-first heap   total 65536K, used 64611K [0x00000000fc000000, 0x0000000100000000)
  region size 1024K, 0 young (0K), 0 survivors (0K)
 Metaspace       used 57361K, committed 58368K, reserved 131072K
  class space    used 8210K, committed 8640K, reserved 65536K
GC Heap History (20 events):
Event: 14.424 GC heap after
{Heap after GC invocations=224 (full 30):
 garbage-first heap   total 65536K, used 62197K [0x00000000fc000000, 0x0000000100000000)
  region size 1024K, 0 young (0K), 0 survivors (0K)
 Metaspace       used 57332K, committed 58368K, reserved 131072K
  class space    used 8208K, committed 8640K, reserved 65536K
}
Event: 14.438 GC heap before
{Heap before GC invocations=224 (full 30):
 garbage-first heap   total 65536K, used 65269K [0x00000000fc000000, 0x0000000100000000)
  region size 1024K, 3 young (3072K), 0 survivors (0K)
 Metaspace       used 57335K, committed 58368K, reserved 131072K
  class space    used 8208K, committed 8640K, reserved 65536K
}
Event: 14.439 GC heap after
{Heap after GC invocations=225 (full 30):
 garbage-first heap   total 65536K, used 65269K [0x00000000fc000000, 0x0000000100000000)
  region size 1024K, 0 young (0K), 0 survivors (0K)
 Metaspace       used 57335K, committed 58368K, reserved 131072K
  class space    used 8208K, committed 8640K, reserved 65536K
}
Event: 14.439 GC heap before
{Heap before GC invocations=225 (full 30):
 garbage-first heap   total 65536K, used 65269K [0x00000000fc000000, 0x0000000100000000)
  region size 1024K, 0 young (0K), 0 survivors (0K)
 Metaspace       used 57335K, committed 58368K, reserved 131072K
  class space    used 8208K, committed 8640K, reserved 65536K
}
Event: 14.468 GC heap after
{Heap after GC invocations=226 (full 31):
 garbage-first heap   total 65536K, used 62315K [0x00000000fc000000, 0x0000000100000000)
  region size 1024K, 0 young (0K), 0 survivors (0K)
 Metaspace       used 57335K, committed 58368K, reserved 131072K
  class space    used 8208K, committed 8640K, reserved 65536K
}
Event: 14.479 GC heap before
{Heap before GC invocations=226 (full 31):
 garbage-first heap   total 65536K, used 65387K [0x00000000fc000000, 0x0000000100000000)
  region size 1024K, 3 young (3072K), 0 survivors (0K)
 Metaspace       used 57338K, committed 58368K, reserved 131072K
  class space    used 8208K, committed 8640K, reserved 65536K
}
Event: 14.481 GC heap after
{Heap after GC invocations=227 (full 31):
 garbage-first heap   total 65536K, used 65387K [0x00000000fc000000, 0x0000000100000000)
  region size 1024K, 0 young (0K), 0 survivors (0K)
 Metaspace       used 57338K, committed 58368K, reserved 131072K
  class space    used 8208K, committed 8640K, reserved 65536K
}
Event: 14.481 GC heap before
{Heap before GC invocations=227 (full 31):
 garbage-first heap   total 65536K, used 65387K [0x00000000fc000000, 0x0000000100000000)
  region size 1024K, 0 young (0K), 0 survivors (0K)
 Metaspace       used 57338K, committed 58368K, reserved 131072K
  class space    used 8208K, committed 8640K, reserved 65536K
}
Event: 14.508 GC heap after
{Heap after GC invocations=228 (full 32):
 garbage-first heap   total 65536K, used 62338K [0x00000000fc000000, 0x0000000100000000)
  region size 1024K, 0 young (0K), 0 survivors (0K)
 Metaspace       used 57338K, committed 58368K, reserved 131072K
  class space    used 8208K, committed 8640K, reserved 65536K
}
Event: 14.522 GC heap before
{Heap before GC invocations=228 (full 32):
 garbage-first heap   total 65536K, used 65410K [0x00000000fc000000, 0x0000000100000000)
  region size 1024K, 3 young (3072K), 0 survivors (0K)
 Metaspace       used 57344K, committed 58368K, reserved 131072K
  class space    used 8209K, committed 8640K, reserved 65536K
}
Event: 14.523 GC heap after
{Heap after GC invocations=229 (full 32):
 garbage-first heap   total 65536K, used 65410K [0x00000000fc000000, 0x0000000100000000)
  region size 1024K, 0 young (0K), 0 survivors (0K)
 Metaspace       used 57344K, committed 58368K, reserved 131072K
  class space    used 8209K, committed 8640K, reserved 65536K
}
Event: 14.523 GC heap before
{Heap before GC invocations=229 (full 32):
 garbage-first heap   total 65536K, used 65410K [0x00000000fc000000, 0x0000000100000000)
  region size 1024K, 0 young (0K), 0 survivors (0K)
 Metaspace       used 57344K, committed 58368K, reserved 131072K
  class space    used 8209K, committed 8640K, reserved 65536K
}
Event: 14.550 GC heap after
{Heap after GC invocations=230 (full 33):
 garbage-first heap   total 65536K, used 62428K [0x00000000fc000000, 0x0000000100000000)
  region size 1024K, 0 young (0K), 0 survivors (0K)
 Metaspace       used 57344K, committed 58368K, reserved 131072K
  class space    used 8209K, committed 8640K, reserved 65536K
}
Event: 14.561 GC heap before
{Heap before GC invocations=230 (full 33):
 garbage-first heap   total 65536K, used 64476K [0x00000000fc000000, 0x0000000100000000)
  region size 1024K, 2 young (2048K), 0 survivors (0K)
 Metaspace       used 57348K, committed 58368K, reserved 131072K
  class space    used 8209K, committed 8640K, reserved 65536K
}
Event: 14.562 GC heap after
{Heap after GC invocations=231 (full 33):
 garbage-first heap   total 65536K, used 64476K [0x00000000fc000000, 0x0000000100000000)
  region size 1024K, 0 young (0K), 0 survivors (0K)
 Metaspace       used 57348K, committed 58368K, reserved 131072K
  class space    used 8209K, committed 8640K, reserved 65536K
}
Event: 14.562 GC heap before
{Heap before GC invocations=231 (full 33):
 garbage-first heap   total 65536K, used 64476K [0x00000000fc000000, 0x0000000100000000)
  region size 1024K, 0 young (0K), 0 survivors (0K)
 Metaspace       used 57348K, committed 58368K, reserved 131072K
  class space    used 8209K, committed 8640K, reserved 65536K
}
Event: 14.589 GC heap after
{Heap after GC invocations=232 (full 34):
 garbage-first heap   total 65536K, used 62563K [0x00000000fc000000, 0x0000000100000000)
  region size 1024K, 0 young (0K), 0 survivors (0K)
 Metaspace       used 57348K, committed 58368K, reserved 131072K
  class space    used 8209K, committed 8640K, reserved 65536K
}
Event: 14.615 GC heap before
{Heap before GC invocations=232 (full 34):
 garbage-first heap   total 65536K, used 64611K [0x00000000fc000000, 0x0000000100000000)
  region size 1024K, 2 young (2048K), 0 survivors (0K)
 Metaspace       used 57361K, committed 58368K, reserved 131072K
  class space    used 8210K, committed 8640K, reserved 65536K
}
Event: 14.617 GC heap after
{Heap after GC invocations=233 (full 34):
 garbage-first heap   total 65536K, used 64611K [0x00000000fc000000, 0x0000000100000000)
  region size 1024K, 0 young (0K), 0 survivors (0K)
 Metaspace       used 57361K, committed 58368K, reserved 131072K
  class space    used 8210K, committed 8640K, reserved 65536K
}
Event: 14.617 GC heap before
{Heap before GC invocations=233 (full 34):
 garbage-first heap   total 65536K, used 64611K [0x00000000fc000000, 0x0000000100000000)
  region size 1024K, 0 young (0K), 0 survivors (0K)
 Metaspace       used 57361K, committed 58368K, reserved 131072K
  class space    used 8210K, committed 8640K, reserved 65536K
}

